<?xml version="1.0" encoding="UTF-8"?>
<testng-results ignored="0" total="1" passed="1" failed="0" skipped="0">
  <reporter-output>
  </reporter-output>
  <suite started-at="2022-12-08T16:31:49 IST" name="Default suite" finished-at="2022-12-08T16:32:23 IST" duration-ms="34229">
    <groups>
    </groups>
    <test started-at="2022-12-08T16:31:49 IST" name="Default test" finished-at="2022-12-08T16:32:23 IST" duration-ms="34229">
      <class name="Maven8.RE_01_TEST">
        <test-method signature="demo()[pri:0, instance:Maven8.RE_01_TEST@2a266d09]" started-at="2022-12-08T16:31:49 IST" name="demo" finished-at="2022-12-08T16:32:23 IST" duration-ms="34110" status="PASS">
          <reporter-output>
          </reporter-output>
        </test-method> <!-- demo -->
      </class> <!-- Maven8.RE_01_TEST -->
    </test> <!-- Default test -->
  </suite> <!-- Default suite -->
</testng-results>
